slurm submission log: 2023-10-12 17:00:41.853151
created following sbatch script: 

###############################

#!/bin/bash

#SBATCH --account=nlp
#SBATCH --cpus-per-task=2
#SBATCH --gres=gpu:1
#SBATCH --job-name=alpaca-inference
#SBATCH --mem=50G
#SBATCH --open-mode=append
#SBATCH --output=alpaca-inference.out
#SBATCH --partition=jag-standard
#SBATCH --time=14-0

# activate your desired anaconda environment


# cd to working directory
cd .

# launch commands
srun --unbuffered run_as_child_processes 'python simple.py --model EleutherAI/pythia-1b'

###############################

submission to slurm complete!


###############################
slurm submission output

Submitted batch job 6785328



###############################

###############################
start time: 2023-10-12 17:00:43.606256
machine: jagupard22.stanford.edu
conda env: boundless
###############################
running following processes

	python simple.py --model EleutherAI/pythia-1b


###############################
command outputs: 


loaded model
Setting `pad_token_id` to `eos_token_id`:0 for open-end generation.
Setting `pad_token_id` to `eos_token_id`:0 for open-end generation.
###############################
end time: 2023-10-12 17:01:43.670454
elapsed time: 0:01:00.064198
